20:48:59.243 [main] INFO  d.s.c.ls.C4LanguageServerLauncher - Starting ProcessIO Connection
20:48:59.245 [main] INFO  d.s.c.ls.C4LanguageServerLauncher - Launching C4LanguageServer started
20:48:59.521 [main] INFO  d.s.c.ls.service.C4LanguageServer - getTextDocumentService
20:48:59.603 [main] INFO  d.s.c.ls.service.C4LanguageServer - getTextDocumentService
20:48:59.605 [main] INFO  d.s.c.ls.service.C4LanguageServer - getWorkspaceService
20:48:59.617 [main] INFO  d.s.c.ls.service.C4LanguageServer - connect
20:48:59.724 [pool-1-thread-1] INFO  d.s.c.ls.service.C4LanguageServer - initialize
20:48:59.778 [pool-1-thread-1] INFO  d.s.c.l.s.C4TextDocumentService - didOpen file:///c%3A/Users/Melli/Documents/system_design/workspace.dsl
20:48:59.778 [ForkJoinPool.commonPool-worker-1] INFO  d.s.c.l.s.C4TextDocumentService - --> getDiagnostics 0
20:48:59.785 [ForkJoinPool.commonPool-worker-2] INFO  d.s.c.ls.service.C4WorkspaceService - executeCommand c4-server.autoformat.indent
20:48:59.808 [pool-1-thread-1] INFO  d.s.c.l.s.C4TextDocumentService - documentColor
20:48:59.809 [ForkJoinPool.commonPool-worker-2] INFO  d.s.c.l.s.C4TextDocumentService - --> getDocument
20:48:59.831 [ForkJoinPool.commonPool-worker-1] DEBUG d.s.c.ls.model.C4DocumentManager - createModel c:\Users\Melli\Documents\system_design\workspace.dsl
20:48:59.848 [ForkJoinPool.commonPool-worker-1] DEBUG d.s.c.ls.model.C4DocumentManager - Parsing...
20:48:59.874 [ForkJoinPool.commonPool-worker-1] DEBUG d.s.c.ls.model.C4DocumentManager - onStartContext: workspace.dsl at linenumber 1, contextId: 306466424, contextName WorkspaceDslContext
20:48:59.874 [ForkJoinPool.commonPool-worker-1] DEBUG d.s.c.ls.model.C4DocumentManager - getModel file: c:\Users\Melli\Documents\system_design\workspace.dsl
20:48:59.878 [ForkJoinPool.commonPool-worker-1] DEBUG d.s.c.ls.model.C4DocumentManager - onStartContext: workspace.dsl at linenumber 5, contextId: 466365223, contextName ModelDslContext
20:48:59.878 [ForkJoinPool.commonPool-worker-1] DEBUG d.s.c.ls.model.C4DocumentManager - getModel file: c:\Users\Melli\Documents\system_design\workspace.dsl
20:48:59.882 [ForkJoinPool.commonPool-worker-1] DEBUG d.s.c.ls.model.C4DocumentManager - onParsedModelElement identifier: user, modelId: 1 at linenumber: workspace.dsl, 6
20:48:59.883 [ForkJoinPool.commonPool-worker-1] DEBUG d.s.c.ls.model.C4DocumentManager - getModel file: c:\Users\Melli\Documents\system_design\workspace.dsl
20:48:59.885 [ForkJoinPool.commonPool-worker-1] DEBUG d.s.c.ls.model.C4DocumentManager - onParsedModelElement identifier: EventBOOST, modelId: 2 at linenumber: workspace.dsl, 8
20:48:59.885 [ForkJoinPool.commonPool-worker-1] DEBUG d.s.c.ls.model.C4DocumentManager - getModel file: c:\Users\Melli\Documents\system_design\workspace.dsl
20:48:59.885 [ForkJoinPool.commonPool-worker-1] DEBUG d.s.c.ls.model.C4DocumentManager - onStartContext: workspace.dsl at linenumber 8, contextId: 1863351752, contextName SoftwareSystemDslContext
20:48:59.885 [ForkJoinPool.commonPool-worker-1] DEBUG d.s.c.ls.model.C4DocumentManager - getModel file: c:\Users\Melli\Documents\system_design\workspace.dsl
20:48:59.887 [ForkJoinPool.commonPool-worker-1] DEBUG d.s.c.ls.model.C4DocumentManager - onParsedModelElement identifier: web, modelId: 3 at linenumber: workspace.dsl, 11
20:48:59.887 [ForkJoinPool.commonPool-worker-1] DEBUG d.s.c.ls.model.C4DocumentManager - getModel file: c:\Users\Melli\Documents\system_design\workspace.dsl
20:48:59.887 [ForkJoinPool.commonPool-worker-1] DEBUG d.s.c.ls.model.C4DocumentManager - onStartContext: workspace.dsl at linenumber 11, contextId: 2004596899, contextName ContainerDslContext
20:48:59.887 [ForkJoinPool.commonPool-worker-1] DEBUG d.s.c.ls.model.C4DocumentManager - getModel file: c:\Users\Melli\Documents\system_design\workspace.dsl
20:48:59.888 [ForkJoinPool.commonPool-worker-1] DEBUG d.s.c.ls.model.C4DocumentManager - onEndContext: workspace.dsl at linenumber 16, contextId: 2004596899, contextName ContainerDslContext
20:48:59.888 [ForkJoinPool.commonPool-worker-1] DEBUG d.s.c.ls.model.C4DocumentManager - getModel file: c:\Users\Melli\Documents\system_design\workspace.dsl
20:48:59.891 [ForkJoinPool.commonPool-worker-1] DEBUG d.s.c.ls.model.C4DocumentManager - onParsedModelElement identifier: APIGateway, modelId: 4 at linenumber: workspace.dsl, 18
20:48:59.891 [ForkJoinPool.commonPool-worker-1] DEBUG d.s.c.ls.model.C4DocumentManager - getModel file: c:\Users\Melli\Documents\system_design\workspace.dsl
20:48:59.891 [ForkJoinPool.commonPool-worker-1] DEBUG d.s.c.ls.model.C4DocumentManager - onStartContext: workspace.dsl at linenumber 18, contextId: 579951049, contextName ContainerDslContext
20:48:59.891 [ForkJoinPool.commonPool-worker-1] DEBUG d.s.c.ls.model.C4DocumentManager - getModel file: c:\Users\Melli\Documents\system_design\workspace.dsl
20:48:59.892 [ForkJoinPool.commonPool-worker-1] DEBUG d.s.c.ls.model.C4DocumentManager - onEndContext: workspace.dsl at linenumber 20, contextId: 579951049, contextName ContainerDslContext
20:48:59.892 [ForkJoinPool.commonPool-worker-1] DEBUG d.s.c.ls.model.C4DocumentManager - getModel file: c:\Users\Melli\Documents\system_design\workspace.dsl
20:48:59.892 [ForkJoinPool.commonPool-worker-1] DEBUG d.s.c.ls.model.C4DocumentManager - onParsedModelElement identifier: userService, modelId: 5 at linenumber: workspace.dsl, 22
20:48:59.892 [ForkJoinPool.commonPool-worker-1] DEBUG d.s.c.ls.model.C4DocumentManager - getModel file: c:\Users\Melli\Documents\system_design\workspace.dsl
20:48:59.893 [ForkJoinPool.commonPool-worker-1] DEBUG d.s.c.ls.model.C4DocumentManager - onStartContext: workspace.dsl at linenumber 22, contextId: 1134969018, contextName ContainerDslContext
20:48:59.893 [ForkJoinPool.commonPool-worker-1] DEBUG d.s.c.ls.model.C4DocumentManager - getModel file: c:\Users\Melli\Documents\system_design\workspace.dsl
20:48:59.893 [ForkJoinPool.commonPool-worker-1] DEBUG d.s.c.ls.model.C4DocumentManager - onEndContext: workspace.dsl at linenumber 26, contextId: 1134969018, contextName ContainerDslContext
20:48:59.893 [ForkJoinPool.commonPool-worker-1] DEBUG d.s.c.ls.model.C4DocumentManager - getModel file: c:\Users\Melli\Documents\system_design\workspace.dsl
20:48:59.893 [ForkJoinPool.commonPool-worker-1] DEBUG d.s.c.ls.model.C4DocumentManager - onParsedModelElement identifier: doklad, modelId: 6 at linenumber: workspace.dsl, 28
20:48:59.893 [ForkJoinPool.commonPool-worker-1] DEBUG d.s.c.ls.model.C4DocumentManager - getModel file: c:\Users\Melli\Documents\system_design\workspace.dsl
20:48:59.893 [ForkJoinPool.commonPool-worker-1] DEBUG d.s.c.ls.model.C4DocumentManager - onStartContext: workspace.dsl at linenumber 28, contextId: 793032288, contextName ContainerDslContext
20:48:59.893 [ForkJoinPool.commonPool-worker-1] DEBUG d.s.c.ls.model.C4DocumentManager - getModel file: c:\Users\Melli\Documents\system_design\workspace.dsl
20:48:59.894 [ForkJoinPool.commonPool-worker-1] DEBUG d.s.c.ls.model.C4DocumentManager - onEndContext: workspace.dsl at linenumber 32, contextId: 793032288, contextName ContainerDslContext
20:48:59.894 [ForkJoinPool.commonPool-worker-1] DEBUG d.s.c.ls.model.C4DocumentManager - getModel file: c:\Users\Melli\Documents\system_design\workspace.dsl
20:48:59.894 [ForkJoinPool.commonPool-worker-1] DEBUG d.s.c.ls.model.C4DocumentManager - onParsedModelElement identifier: conference, modelId: 7 at linenumber: workspace.dsl, 34
20:48:59.895 [ForkJoinPool.commonPool-worker-1] DEBUG d.s.c.ls.model.C4DocumentManager - getModel file: c:\Users\Melli\Documents\system_design\workspace.dsl
20:48:59.895 [ForkJoinPool.commonPool-worker-1] DEBUG d.s.c.ls.model.C4DocumentManager - onStartContext: workspace.dsl at linenumber 34, contextId: 795869459, contextName ContainerDslContext
20:48:59.895 [ForkJoinPool.commonPool-worker-1] DEBUG d.s.c.ls.model.C4DocumentManager - getModel file: c:\Users\Melli\Documents\system_design\workspace.dsl
20:48:59.896 [ForkJoinPool.commonPool-worker-1] DEBUG d.s.c.ls.model.C4DocumentManager - onEndContext: workspace.dsl at linenumber 38, contextId: 795869459, contextName ContainerDslContext
20:48:59.896 [ForkJoinPool.commonPool-worker-1] DEBUG d.s.c.ls.model.C4DocumentManager - getModel file: c:\Users\Melli\Documents\system_design\workspace.dsl
20:48:59.896 [ForkJoinPool.commonPool-worker-1] DEBUG d.s.c.ls.model.C4DocumentManager - onParsedModelElement identifier: usersData, modelId: 8 at linenumber: workspace.dsl, 40
20:48:59.896 [ForkJoinPool.commonPool-worker-1] DEBUG d.s.c.ls.model.C4DocumentManager - getModel file: c:\Users\Melli\Documents\system_design\workspace.dsl
20:48:59.896 [ForkJoinPool.commonPool-worker-1] DEBUG d.s.c.ls.model.C4DocumentManager - onStartContext: workspace.dsl at linenumber 40, contextId: 126306853, contextName ContainerDslContext
20:48:59.896 [ForkJoinPool.commonPool-worker-1] DEBUG d.s.c.ls.model.C4DocumentManager - getModel file: c:\Users\Melli\Documents\system_design\workspace.dsl
20:48:59.897 [ForkJoinPool.commonPool-worker-1] DEBUG d.s.c.ls.model.C4DocumentManager - onEndContext: workspace.dsl at linenumber 44, contextId: 126306853, contextName ContainerDslContext
20:48:59.897 [ForkJoinPool.commonPool-worker-1] DEBUG d.s.c.ls.model.C4DocumentManager - getModel file: c:\Users\Melli\Documents\system_design\workspace.dsl
20:48:59.897 [ForkJoinPool.commonPool-worker-1] DEBUG d.s.c.ls.model.C4DocumentManager - onParsedModelElement identifier: dokladDataBase, modelId: 9 at linenumber: workspace.dsl, 46
20:48:59.897 [ForkJoinPool.commonPool-worker-1] DEBUG d.s.c.ls.model.C4DocumentManager - getModel file: c:\Users\Melli\Documents\system_design\workspace.dsl
20:48:59.897 [ForkJoinPool.commonPool-worker-1] DEBUG d.s.c.ls.model.C4DocumentManager - onStartContext: workspace.dsl at linenumber 46, contextId: 1985309183, contextName ContainerDslContext
20:48:59.898 [ForkJoinPool.commonPool-worker-1] DEBUG d.s.c.ls.model.C4DocumentManager - getModel file: c:\Users\Melli\Documents\system_design\workspace.dsl
20:48:59.898 [ForkJoinPool.commonPool-worker-1] DEBUG d.s.c.ls.model.C4DocumentManager - onEndContext: workspace.dsl at linenumber 50, contextId: 1985309183, contextName ContainerDslContext
20:48:59.898 [ForkJoinPool.commonPool-worker-1] DEBUG d.s.c.ls.model.C4DocumentManager - getModel file: c:\Users\Melli\Documents\system_design\workspace.dsl
20:48:59.899 [ForkJoinPool.commonPool-worker-1] DEBUG d.s.c.ls.model.C4DocumentManager - onParsedModelElement identifier: conferenceDataBase, modelId: 10 at linenumber: workspace.dsl, 52
20:48:59.899 [ForkJoinPool.commonPool-worker-1] DEBUG d.s.c.ls.model.C4DocumentManager - getModel file: c:\Users\Melli\Documents\system_design\workspace.dsl
20:48:59.899 [ForkJoinPool.commonPool-worker-1] DEBUG d.s.c.ls.model.C4DocumentManager - onStartContext: workspace.dsl at linenumber 52, contextId: 2083010275, contextName ContainerDslContext
20:48:59.899 [ForkJoinPool.commonPool-worker-1] DEBUG d.s.c.ls.model.C4DocumentManager - getModel file: c:\Users\Melli\Documents\system_design\workspace.dsl
20:48:59.899 [ForkJoinPool.commonPool-worker-1] DEBUG d.s.c.ls.model.C4DocumentManager - onEndContext: workspace.dsl at linenumber 54, contextId: 2083010275, contextName ContainerDslContext
20:48:59.899 [ForkJoinPool.commonPool-worker-1] DEBUG d.s.c.ls.model.C4DocumentManager - getModel file: c:\Users\Melli\Documents\system_design\workspace.dsl
20:48:59.903 [ForkJoinPool.commonPool-worker-1] DEBUG d.s.c.ls.model.C4DocumentManager - onParsedRelationShip 1->3, identifier: null, at linenumber: workspace.dsl, 56
20:48:59.903 [ForkJoinPool.commonPool-worker-1] DEBUG d.s.c.ls.model.C4DocumentManager - getModel file: c:\Users\Melli\Documents\system_design\workspace.dsl
20:48:59.923 [ForkJoinPool.commonPool-worker-1] DEBUG d.s.c.ls.model.C4DocumentManager - onParsedRelationShip 3->4, identifier: null, at linenumber: workspace.dsl, 57
20:48:59.923 [ForkJoinPool.commonPool-worker-1] DEBUG d.s.c.ls.model.C4DocumentManager - getModel file: c:\Users\Melli\Documents\system_design\workspace.dsl
20:48:59.924 [ForkJoinPool.commonPool-worker-1] DEBUG d.s.c.ls.model.C4DocumentManager - onParsedRelationShip 4->5, identifier: null, at linenumber: workspace.dsl, 58
20:48:59.924 [ForkJoinPool.commonPool-worker-1] DEBUG d.s.c.ls.model.C4DocumentManager - getModel file: c:\Users\Melli\Documents\system_design\workspace.dsl
20:48:59.924 [ForkJoinPool.commonPool-worker-1] DEBUG d.s.c.ls.model.C4DocumentManager - onParsedRelationShip 4->6, identifier: null, at linenumber: workspace.dsl, 59
20:48:59.924 [ForkJoinPool.commonPool-worker-1] DEBUG d.s.c.ls.model.C4DocumentManager - getModel file: c:\Users\Melli\Documents\system_design\workspace.dsl
20:48:59.924 [ForkJoinPool.commonPool-worker-1] DEBUG d.s.c.ls.model.C4DocumentManager - onParsedRelationShip 4->7, identifier: null, at linenumber: workspace.dsl, 60
20:48:59.924 [ForkJoinPool.commonPool-worker-1] DEBUG d.s.c.ls.model.C4DocumentManager - getModel file: c:\Users\Melli\Documents\system_design\workspace.dsl
20:48:59.924 [ForkJoinPool.commonPool-worker-1] DEBUG d.s.c.ls.model.C4DocumentManager - onParsedRelationShip 5->8, identifier: null, at linenumber: workspace.dsl, 62
20:48:59.924 [ForkJoinPool.commonPool-worker-1] DEBUG d.s.c.ls.model.C4DocumentManager - getModel file: c:\Users\Melli\Documents\system_design\workspace.dsl
20:48:59.925 [ForkJoinPool.commonPool-worker-1] DEBUG d.s.c.ls.model.C4DocumentManager - onParsedRelationShip 6->9, identifier: null, at linenumber: workspace.dsl, 63
20:48:59.925 [ForkJoinPool.commonPool-worker-1] DEBUG d.s.c.ls.model.C4DocumentManager - getModel file: c:\Users\Melli\Documents\system_design\workspace.dsl
20:48:59.925 [ForkJoinPool.commonPool-worker-1] DEBUG d.s.c.ls.model.C4DocumentManager - onParsedRelationShip 7->10, identifier: null, at linenumber: workspace.dsl, 64
20:48:59.925 [ForkJoinPool.commonPool-worker-1] DEBUG d.s.c.ls.model.C4DocumentManager - getModel file: c:\Users\Melli\Documents\system_design\workspace.dsl
20:48:59.925 [ForkJoinPool.commonPool-worker-1] DEBUG d.s.c.ls.model.C4DocumentManager - onParsedRelationShip 1->3, identifier: null, at linenumber: workspace.dsl, 67
20:48:59.925 [ForkJoinPool.commonPool-worker-1] DEBUG d.s.c.ls.model.C4DocumentManager - getModel file: c:\Users\Melli\Documents\system_design\workspace.dsl
20:48:59.925 [ForkJoinPool.commonPool-worker-1] DEBUG d.s.c.ls.model.C4DocumentManager - onParsedRelationShip 3->4, identifier: null, at linenumber: workspace.dsl, 68
20:48:59.925 [ForkJoinPool.commonPool-worker-1] DEBUG d.s.c.ls.model.C4DocumentManager - getModel file: c:\Users\Melli\Documents\system_design\workspace.dsl
20:48:59.925 [ForkJoinPool.commonPool-worker-1] DEBUG d.s.c.ls.model.C4DocumentManager - onParsedRelationShip 4->5, identifier: null, at linenumber: workspace.dsl, 69
20:48:59.925 [ForkJoinPool.commonPool-worker-1] DEBUG d.s.c.ls.model.C4DocumentManager - getModel file: c:\Users\Melli\Documents\system_design\workspace.dsl
20:48:59.925 [ForkJoinPool.commonPool-worker-1] DEBUG d.s.c.ls.model.C4DocumentManager - onParsedRelationShip 5->8, identifier: null, at linenumber: workspace.dsl, 70
20:48:59.925 [ForkJoinPool.commonPool-worker-1] DEBUG d.s.c.ls.model.C4DocumentManager - getModel file: c:\Users\Melli\Documents\system_design\workspace.dsl
20:48:59.926 [ForkJoinPool.commonPool-worker-1] DEBUG d.s.c.ls.model.C4DocumentManager - onParsedRelationShip 1->3, identifier: null, at linenumber: workspace.dsl, 73
20:48:59.926 [ForkJoinPool.commonPool-worker-1] DEBUG d.s.c.ls.model.C4DocumentManager - getModel file: c:\Users\Melli\Documents\system_design\workspace.dsl
20:48:59.933 [ForkJoinPool.commonPool-worker-1] ERROR d.s.c.l.i.InterceptParserAspect - Cannot intercept parsed Relationship for execution(com.structurizr.model.Relationship com.structurizr.dsl.ExplicitRelationshipParser.parse(com.structurizr.dsl.DslContext, com.structurizr.dsl.Tokens)): A relationship between "Container://EventBOOST.Веб-сприложение" and "Container://EventBOOST.API Gateway" already exists
20:48:59.933 [ForkJoinPool.commonPool-worker-1] DEBUG d.s.c.ls.model.C4DocumentManager - Rethrow exception A relationship between "Container://EventBOOST.Веб-сприложение" and "Container://EventBOOST.API Gateway" already exists
20:48:59.944 [ForkJoinPool.commonPool-worker-1] INFO  d.s.c.ls.model.C4DocumentManager - ParserException A relationship between "Container://EventBOOST.Веб-сприложение" and "Container://EventBOOST.API Gateway" already exists at line 74 of c:\Users\Melli\Documents\system_design\workspace.dsl: web -> APIGateway
20:48:59.946 [ForkJoinPool.commonPool-worker-1] DEBUG d.s.c4dsl.ls.model.C4DocumentModel - setWorkspace EventBOOST
20:48:59.948 [ForkJoinPool.commonPool-worker-1] DEBUG d.s.c4dsl.ls.model.C4DocumentModel - setValid false
20:48:59.949 [ForkJoinPool.commonPool-worker-1] INFO  d.s.c.l.s.C4TextDocumentService - <-- getDiagnostics
20:48:59.949 [ForkJoinPool.commonPool-worker-2] DEBUG d.s.c.ls.model.C4DocumentManager - getModel file: c:\Users\Melli\Documents\system_design\workspace.dsl
20:48:59.949 [ForkJoinPool.commonPool-worker-2] INFO  d.s.c.l.s.C4TextDocumentService - <-- getDocument
20:49:00.058 [pool-1-thread-1] INFO  d.s.c.l.s.C4TextDocumentService - codeLens
20:49:00.058 [ForkJoinPool.commonPool-worker-1] INFO  d.s.c.l.s.C4TextDocumentService - --> getDocument
20:49:00.059 [ForkJoinPool.commonPool-worker-1] DEBUG d.s.c.ls.model.C4DocumentManager - getModel file: c:\Users\Melli\Documents\system_design\workspace.dsl
20:49:00.059 [ForkJoinPool.commonPool-worker-1] INFO  d.s.c.l.s.C4TextDocumentService - <-- getDocument
20:49:00.225 [pool-1-thread-1] INFO  d.s.c.l.s.C4TextDocumentService - semanticTokensFull
20:49:00.226 [ForkJoinPool.commonPool-worker-1] INFO  d.s.c.l.s.C4TextDocumentService - --> getDocument
20:49:00.226 [ForkJoinPool.commonPool-worker-1] DEBUG d.s.c.ls.model.C4DocumentManager - getModel file: c:\Users\Melli\Documents\system_design\workspace.dsl
20:49:00.226 [ForkJoinPool.commonPool-worker-1] INFO  d.s.c.l.s.C4TextDocumentService - <-- getDocument
20:49:56.287 [pool-1-thread-1] INFO  d.s.c.l.s.C4TextDocumentService - codeLens
20:49:56.288 [ForkJoinPool.commonPool-worker-1] INFO  d.s.c.l.s.C4TextDocumentService - --> getDocument
20:49:56.288 [ForkJoinPool.commonPool-worker-1] DEBUG d.s.c.ls.model.C4DocumentManager - getModel file: c:\Users\Melli\Documents\system_design\workspace.dsl
20:49:56.288 [ForkJoinPool.commonPool-worker-1] INFO  d.s.c.l.s.C4TextDocumentService - <-- getDocument
20:51:42.314 [pool-1-thread-1] INFO  d.s.c.ls.service.C4LanguageServer - setTrace off
20:52:53.454 [main] INFO  d.s.c.ls.C4LanguageServerLauncher - Launching C4LanguageServer finished
